build/app/intermediates/manifest_merge_blame_file/release/manifest-merger-blame-release-report.txt
1<?xml version="1.0" encoding="utf-8"?>
2<manifest xmlns:android="http://schemas.android.com/apk/res/android"
3    package="com.example.swl_teaming"
4    android:versionCode="1"
5    android:versionName="1.0.0" >
6
7    <uses-sdk
8        android:minSdkVersion="20"
8-->src\main\AndroidManifest.xml
9        android:targetSdkVersion="30" />
9-->src\main\AndroidManifest.xml
10
11    <uses-permission android:name="android.permission.ACCESS_FINE_LOCATION" />
11-->src\main\AndroidManifest.xml:3:5-78
11-->src\main\AndroidManifest.xml:3:22-76
12    <uses-permission android:name="android.permission.ACCESS_COARSE_LOCATION" />
12-->src\main\AndroidManifest.xml:4:5-81
12-->src\main\AndroidManifest.xml:4:22-78
13    <uses-permission android:name="android.permission.FOREGROUND_SERVICE" />
13-->src\main\AndroidManifest.xml:5:5-77
13-->src\main\AndroidManifest.xml:5:22-74
14    <uses-permission android:name="android.permission.ACCESS_BACKGROUND_LOCATION" />
14-->src\main\AndroidManifest.xml:6:5-84
14-->src\main\AndroidManifest.xml:6:22-82
15    <uses-permission android:name="android.permission.INTERNET" />
15-->[:google_sign_in] AndroidManifest.xml:7:5-67
15-->[:google_sign_in] AndroidManifest.xml:7:22-64
16    <uses-permission android:name="android.permission.ACCESS_NETWORK_STATE" />
16-->[com.firebaseui:firebase-ui-auth:6.4.0] AndroidManifest.xml:12:5-79
16-->[com.firebaseui:firebase-ui-auth:6.4.0] AndroidManifest.xml:12:22-76
17
18    <uses-feature
18-->[com.google.android.gms:play-services-maps:17.0.0] AndroidManifest.xml:26:5-28:35
19        android:glEsVersion="0x00020000"
19-->[com.google.android.gms:play-services-maps:17.0.0] AndroidManifest.xml:27:9-41
20        android:required="true" />
20-->[com.google.android.gms:play-services-maps:17.0.0] AndroidManifest.xml:28:9-32
21
22    <application
22-->src\main\AndroidManifest.xml:7:4-50:19
23        android:name="androidx.multidex.MultiDexApplication"
24        android:appComponentFactory="androidx.core.app.CoreComponentFactory"
24-->[androidx.core:core:1.1.0] AndroidManifest.xml:24:18-86
25        android:icon="@mipmap/ic_launcher"
25-->src\main\AndroidManifest.xml:9:9-43
26        android:label="swl_teaming" >
26-->src\main\AndroidManifest.xml:8:9-36
27        <meta-data
27-->src\main\AndroidManifest.xml:10:8-12:69
28            android:name="com.google.android.geo.API_KEY"
28-->src\main\AndroidManifest.xml:11:12-57
29            android:value="AIzaSyD_JgUyCbxTVGuqihDB5mOFmz5-x3wlT-A" />
29-->src\main\AndroidManifest.xml:12:12-67
30
31        <activity
31-->src\main\AndroidManifest.xml:13:9-41:20
32            android:name="com.example.swl_teaming.MainActivity"
32-->src\main\AndroidManifest.xml:14:13-41
33            android:configChanges="orientation|keyboardHidden|keyboard|screenSize|smallestScreenSize|locale|layoutDirection|fontScale|screenLayout|density|uiMode"
33-->src\main\AndroidManifest.xml:17:13-163
34            android:hardwareAccelerated="true"
34-->src\main\AndroidManifest.xml:18:13-47
35            android:launchMode="singleTop"
35-->src\main\AndroidManifest.xml:15:13-43
36            android:theme="@style/LaunchTheme"
36-->src\main\AndroidManifest.xml:16:13-47
37            android:windowSoftInputMode="adjustResize" >
37-->src\main\AndroidManifest.xml:19:13-55
38
39            <!--
40                 Specifies an Android theme to apply to this Activity as soon as
41                 the Android process has started. This theme is visible to the user
42                 while the Flutter UI initializes. After that, this theme continues
43                 to determine the Window background behind the Flutter UI.
44            -->
45            <meta-data
45-->src\main\AndroidManifest.xml:24:13-27:17
46                android:name="io.flutter.embedding.android.NormalTheme"
46-->src\main\AndroidManifest.xml:25:15-70
47                android:resource="@style/NormalTheme" />
47-->src\main\AndroidManifest.xml:26:15-52
48            <!--
49                 Displays an Android View that continues showing the launch screen
50                 Drawable until Flutter paints its first frame, then this splash
51                 screen fades out. A splash screen is useful to avoid any visual
52                 gap between the end of Android's launch screen and the painting of
53                 Flutter's first frame.
54            -->
55            <meta-data
55-->src\main\AndroidManifest.xml:33:13-36:17
56                android:name="io.flutter.embedding.android.SplashScreenDrawable"
56-->src\main\AndroidManifest.xml:34:15-79
57                android:resource="@drawable/launch_background" />
57-->src\main\AndroidManifest.xml:35:15-61
58
59            <intent-filter>
59-->src\main\AndroidManifest.xml:37:13-40:29
60                <action android:name="android.intent.action.MAIN" />
60-->src\main\AndroidManifest.xml:38:17-68
60-->src\main\AndroidManifest.xml:38:25-66
61
62                <category android:name="android.intent.category.LAUNCHER" />
62-->src\main\AndroidManifest.xml:39:17-76
62-->src\main\AndroidManifest.xml:39:27-74
63            </intent-filter>
64        </activity>
65        <!--
66             Don't delete the meta-data below.
67             This is used by the Flutter tool to generate GeneratedPluginRegistrant.java
68        -->
69        <meta-data
69-->src\main\AndroidManifest.xml:44:9-46:33
70            android:name="flutterEmbedding"
70-->src\main\AndroidManifest.xml:45:13-44
71            android:value="2" />
71-->src\main\AndroidManifest.xml:46:13-30
72        <meta-data
72-->src\main\AndroidManifest.xml:10:8-12:69
73            android:name="com.google.android.geo.API_KEY"
73-->src\main\AndroidManifest.xml:11:12-57
74            android:value="AIzaSyD_JgUyCbxTVGuqihDB5mOFmz5-x3wlT-A" />
74-->src\main\AndroidManifest.xml:12:12-67
75
76        <service
76-->[:firebase_auth] AndroidManifest.xml:8:9-12:19
77            android:name="com.google.firebase.components.ComponentDiscoveryService"
77-->[:firebase_auth] AndroidManifest.xml:8:18-89
78            android:directBootAware="true"
78-->[com.google.firebase:firebase-common:20.0.0] AndroidManifest.xml:35:13-43
79            android:exported="false" >
79-->[com.google.firebase:firebase-auth:21.0.1] AndroidManifest.xml:76:13-37
80            <meta-data
80-->[:firebase_auth] AndroidManifest.xml:9:13-11:85
81                android:name="com.google.firebase.components:io.flutter.plugins.firebase.auth.FlutterFirebaseAuthRegistrar"
81-->[:firebase_auth] AndroidManifest.xml:10:17-124
82                android:value="com.google.firebase.components.ComponentRegistrar" />
82-->[:firebase_auth] AndroidManifest.xml:11:17-82
83            <meta-data
83-->[:firebase_database] AndroidManifest.xml:9:13-11:85
84                android:name="com.google.firebase.components:io.flutter.plugins.firebase.database.FlutterFirebaseAppRegistrar"
84-->[:firebase_database] AndroidManifest.xml:10:17-127
85                android:value="com.google.firebase.components.ComponentRegistrar" />
85-->[:firebase_database] AndroidManifest.xml:11:17-82
86            <meta-data
86-->[:cloud_firestore] AndroidManifest.xml:9:13-11:85
87                android:name="com.google.firebase.components:io.flutter.plugins.firebase.firestore.FlutterFirebaseFirestoreRegistrar"
87-->[:cloud_firestore] AndroidManifest.xml:10:17-134
88                android:value="com.google.firebase.components.ComponentRegistrar" />
88-->[:cloud_firestore] AndroidManifest.xml:11:17-82
89            <meta-data
89-->[:firebase_core] AndroidManifest.xml:9:13-11:85
90                android:name="com.google.firebase.components:io.flutter.plugins.firebase.core.FlutterFirebaseCoreRegistrar"
90-->[:firebase_core] AndroidManifest.xml:10:17-124
91                android:value="com.google.firebase.components.ComponentRegistrar" />
91-->[:firebase_core] AndroidManifest.xml:11:17-82
92            <meta-data
92-->[com.google.firebase:firebase-auth:21.0.1] AndroidManifest.xml:77:13-79:85
93                android:name="com.google.firebase.components:com.google.firebase.auth.FirebaseAuthRegistrar"
93-->[com.google.firebase:firebase-auth:21.0.1] AndroidManifest.xml:78:17-109
94                android:value="com.google.firebase.components.ComponentRegistrar" />
94-->[com.google.firebase:firebase-auth:21.0.1] AndroidManifest.xml:79:17-82
95            <meta-data
95-->[com.google.firebase:firebase-firestore:23.0.0] AndroidManifest.xml:20:13-22:85
96                android:name="com.google.firebase.components:com.google.firebase.firestore.FirestoreRegistrar"
96-->[com.google.firebase:firebase-firestore:23.0.0] AndroidManifest.xml:21:17-111
97                android:value="com.google.firebase.components.ComponentRegistrar" />
97-->[com.google.firebase:firebase-firestore:23.0.0] AndroidManifest.xml:22:17-82
98            <meta-data
98-->[com.google.firebase:firebase-database:20.0.0] AndroidManifest.xml:32:13-34:85
99                android:name="com.google.firebase.components:com.google.firebase.database.DatabaseRegistrar"
99-->[com.google.firebase:firebase-database:20.0.0] AndroidManifest.xml:33:17-109
100                android:value="com.google.firebase.components.ComponentRegistrar" />
100-->[com.google.firebase:firebase-database:20.0.0] AndroidManifest.xml:34:17-82
101        </service>
102
103        <meta-data
103-->[com.firebaseui:firebase-ui-auth:6.4.0] AndroidManifest.xml:16:9-18:69
104            android:name="com.google.android.gms.version"
104-->[com.firebaseui:firebase-ui-auth:6.4.0] AndroidManifest.xml:17:13-58
105            android:value="@integer/google_play_services_version" />
105-->[com.firebaseui:firebase-ui-auth:6.4.0] AndroidManifest.xml:18:13-66
106        <meta-data
106-->[com.firebaseui:firebase-ui-auth:6.4.0] AndroidManifest.xml:19:9-21:63
107            android:name="com.facebook.sdk.ApplicationId"
107-->[com.firebaseui:firebase-ui-auth:6.4.0] AndroidManifest.xml:20:13-58
108            android:value="@string/facebook_application_id" />
108-->[com.firebaseui:firebase-ui-auth:6.4.0] AndroidManifest.xml:21:13-60
109
110        <activity
110-->[com.firebaseui:firebase-ui-auth:6.4.0] AndroidManifest.xml:23:9-27:61
111            android:name="com.firebase.ui.auth.KickoffActivity"
111-->[com.firebaseui:firebase-ui-auth:6.4.0] AndroidManifest.xml:24:13-64
112            android:exported="false"
112-->[com.firebaseui:firebase-ui-auth:6.4.0] AndroidManifest.xml:25:13-37
113            android:label=""
113-->[com.firebaseui:firebase-ui-auth:6.4.0] AndroidManifest.xml:26:13-29
114            android:theme="@style/FirebaseUI.Transparent" />
114-->[com.firebaseui:firebase-ui-auth:6.4.0] AndroidManifest.xml:27:13-58
115        <activity
115-->[com.firebaseui:firebase-ui-auth:6.4.0] AndroidManifest.xml:28:9-32:61
116            android:name="com.firebase.ui.auth.ui.idp.SingleSignInActivity"
116-->[com.firebaseui:firebase-ui-auth:6.4.0] AndroidManifest.xml:29:13-76
117            android:exported="false"
117-->[com.firebaseui:firebase-ui-auth:6.4.0] AndroidManifest.xml:30:13-37
118            android:label=""
118-->[com.firebaseui:firebase-ui-auth:6.4.0] AndroidManifest.xml:31:13-29
119            android:theme="@style/FirebaseUI.Transparent" />
119-->[com.firebaseui:firebase-ui-auth:6.4.0] AndroidManifest.xml:32:13-58
120        <activity
120-->[com.firebaseui:firebase-ui-auth:6.4.0] AndroidManifest.xml:33:9-37:61
121            android:name="com.firebase.ui.auth.ui.credentials.CredentialSaveActivity"
121-->[com.firebaseui:firebase-ui-auth:6.4.0] AndroidManifest.xml:34:13-86
122            android:exported="false"
122-->[com.firebaseui:firebase-ui-auth:6.4.0] AndroidManifest.xml:35:13-37
123            android:label=""
123-->[com.firebaseui:firebase-ui-auth:6.4.0] AndroidManifest.xml:36:13-29
124            android:theme="@style/FirebaseUI.Transparent" />
124-->[com.firebaseui:firebase-ui-auth:6.4.0] AndroidManifest.xml:37:13-58
125        <activity
125-->[com.firebaseui:firebase-ui-auth:6.4.0] AndroidManifest.xml:38:9-42:58
126            android:name="com.firebase.ui.auth.ui.email.RecoverPasswordActivity"
126-->[com.firebaseui:firebase-ui-auth:6.4.0] AndroidManifest.xml:39:13-81
127            android:exported="false"
127-->[com.firebaseui:firebase-ui-auth:6.4.0] AndroidManifest.xml:40:13-37
128            android:label="@string/fui_title_recover_password_activity"
128-->[com.firebaseui:firebase-ui-auth:6.4.0] AndroidManifest.xml:41:13-72
129            android:windowSoftInputMode="adjustResize" />
129-->[com.firebaseui:firebase-ui-auth:6.4.0] AndroidManifest.xml:42:13-55
130        <activity
130-->[com.firebaseui:firebase-ui-auth:6.4.0] AndroidManifest.xml:43:9-47:58
131            android:name="com.firebase.ui.auth.ui.email.EmailActivity"
131-->[com.firebaseui:firebase-ui-auth:6.4.0] AndroidManifest.xml:44:13-71
132            android:exported="false"
132-->[com.firebaseui:firebase-ui-auth:6.4.0] AndroidManifest.xml:45:13-37
133            android:label="@string/fui_sign_in_default"
133-->[com.firebaseui:firebase-ui-auth:6.4.0] AndroidManifest.xml:46:13-56
134            android:windowSoftInputMode="adjustResize" />
134-->[com.firebaseui:firebase-ui-auth:6.4.0] AndroidManifest.xml:47:13-55
135        <activity
135-->[com.firebaseui:firebase-ui-auth:6.4.0] AndroidManifest.xml:48:9-52:77
136            android:name="com.firebase.ui.auth.ui.phone.PhoneActivity"
136-->[com.firebaseui:firebase-ui-auth:6.4.0] AndroidManifest.xml:49:13-71
137            android:exported="false"
137-->[com.firebaseui:firebase-ui-auth:6.4.0] AndroidManifest.xml:50:13-37
138            android:label="@string/fui_sign_in_with_phone_number"
138-->[com.firebaseui:firebase-ui-auth:6.4.0] AndroidManifest.xml:51:13-66
139            android:windowSoftInputMode="adjustResize|stateAlwaysVisible" />
139-->[com.firebaseui:firebase-ui-auth:6.4.0] AndroidManifest.xml:52:13-74
140        <activity
140-->[com.firebaseui:firebase-ui-auth:6.4.0] AndroidManifest.xml:53:9-57:58
141            android:name="com.firebase.ui.auth.ui.idp.WelcomeBackIdpPrompt"
141-->[com.firebaseui:firebase-ui-auth:6.4.0] AndroidManifest.xml:54:13-76
142            android:exported="false"
142-->[com.firebaseui:firebase-ui-auth:6.4.0] AndroidManifest.xml:55:13-37
143            android:label="@string/fui_title_welcome_back_idp_prompt"
143-->[com.firebaseui:firebase-ui-auth:6.4.0] AndroidManifest.xml:56:13-70
144            android:windowSoftInputMode="adjustResize" />
144-->[com.firebaseui:firebase-ui-auth:6.4.0] AndroidManifest.xml:57:13-55
145        <activity
145-->[com.firebaseui:firebase-ui-auth:6.4.0] AndroidManifest.xml:58:9-62:58
146            android:name="com.firebase.ui.auth.ui.email.WelcomeBackPasswordPrompt"
146-->[com.firebaseui:firebase-ui-auth:6.4.0] AndroidManifest.xml:59:13-83
147            android:exported="false"
147-->[com.firebaseui:firebase-ui-auth:6.4.0] AndroidManifest.xml:60:13-37
148            android:label="@string/fui_title_welcome_back_password_prompt"
148-->[com.firebaseui:firebase-ui-auth:6.4.0] AndroidManifest.xml:61:13-75
149            android:windowSoftInputMode="adjustResize" />
149-->[com.firebaseui:firebase-ui-auth:6.4.0] AndroidManifest.xml:62:13-55
150        <activity
150-->[com.firebaseui:firebase-ui-auth:6.4.0] AndroidManifest.xml:63:9-67:58
151            android:name="com.firebase.ui.auth.ui.email.WelcomeBackEmailLinkPrompt"
151-->[com.firebaseui:firebase-ui-auth:6.4.0] AndroidManifest.xml:64:13-84
152            android:exported="false"
152-->[com.firebaseui:firebase-ui-auth:6.4.0] AndroidManifest.xml:65:13-37
153            android:label="@string/fui_title_welcome_back_password_prompt"
153-->[com.firebaseui:firebase-ui-auth:6.4.0] AndroidManifest.xml:66:13-75
154            android:windowSoftInputMode="adjustResize" />
154-->[com.firebaseui:firebase-ui-auth:6.4.0] AndroidManifest.xml:67:13-55
155        <activity
155-->[com.firebaseui:firebase-ui-auth:6.4.0] AndroidManifest.xml:68:9-73:58
156            android:name="com.firebase.ui.auth.ui.email.EmailLinkCatcherActivity"
156-->[com.firebaseui:firebase-ui-auth:6.4.0] AndroidManifest.xml:69:13-82
157            android:exported="false"
157-->[com.firebaseui:firebase-ui-auth:6.4.0] AndroidManifest.xml:70:13-37
158            android:label=""
158-->[com.firebaseui:firebase-ui-auth:6.4.0] AndroidManifest.xml:71:13-29
159            android:theme="@style/FirebaseUI.Transparent"
159-->[com.firebaseui:firebase-ui-auth:6.4.0] AndroidManifest.xml:72:13-58
160            android:windowSoftInputMode="adjustResize" />
160-->[com.firebaseui:firebase-ui-auth:6.4.0] AndroidManifest.xml:73:13-55
161        <activity
161-->[com.firebaseui:firebase-ui-auth:6.4.0] AndroidManifest.xml:74:9-78:58
162            android:name="com.firebase.ui.auth.ui.email.EmailLinkErrorRecoveryActivity"
162-->[com.firebaseui:firebase-ui-auth:6.4.0] AndroidManifest.xml:75:13-88
163            android:exported="false"
163-->[com.firebaseui:firebase-ui-auth:6.4.0] AndroidManifest.xml:76:13-37
164            android:label="@string/fui_sign_in_default"
164-->[com.firebaseui:firebase-ui-auth:6.4.0] AndroidManifest.xml:77:13-56
165            android:windowSoftInputMode="adjustResize" />
165-->[com.firebaseui:firebase-ui-auth:6.4.0] AndroidManifest.xml:78:13-55
166        <activity
166-->[com.firebaseui:firebase-ui-auth:6.4.0] AndroidManifest.xml:79:9-82:65
167            android:name="com.firebase.ui.auth.ui.idp.AuthMethodPickerActivity"
167-->[com.firebaseui:firebase-ui-auth:6.4.0] AndroidManifest.xml:80:13-80
168            android:exported="false"
168-->[com.firebaseui:firebase-ui-auth:6.4.0] AndroidManifest.xml:81:13-37
169            android:label="@string/fui_default_toolbar_title" />
169-->[com.firebaseui:firebase-ui-auth:6.4.0] AndroidManifest.xml:82:13-62
170        <activity
170-->[com.firebaseui:firebase-ui-auth:6.4.0] AndroidManifest.xml:83:9-87:48
171            android:name="com.facebook.FacebookActivity"
171-->[com.firebaseui:firebase-ui-auth:6.4.0] AndroidManifest.xml:84:13-57
172            android:configChanges="keyboard|keyboardHidden|screenLayout|screenSize|orientation"
172-->[com.firebaseui:firebase-ui-auth:6.4.0] AndroidManifest.xml:85:13-96
173            android:label="@string/app_name" />
173-->[com.firebaseui:firebase-ui-auth:6.4.0] AndroidManifest.xml:86:13-45
174        <activity
174-->[com.firebaseui:firebase-ui-auth:6.4.0] AndroidManifest.xml:88:9-100:20
175            android:name="com.facebook.CustomTabActivity"
175-->[com.firebaseui:firebase-ui-auth:6.4.0] AndroidManifest.xml:89:13-58
176            android:exported="true" >
176-->[com.firebaseui:firebase-ui-auth:6.4.0] AndroidManifest.xml:90:13-36
177            <intent-filter>
177-->[com.firebaseui:firebase-ui-auth:6.4.0] AndroidManifest.xml:92:13-99:29
178                <action android:name="android.intent.action.VIEW" />
178-->[com.firebaseui:firebase-ui-auth:6.4.0] AndroidManifest.xml:93:17-69
178-->[com.firebaseui:firebase-ui-auth:6.4.0] AndroidManifest.xml:93:25-66
179
180                <category android:name="android.intent.category.DEFAULT" />
180-->[com.firebaseui:firebase-ui-auth:6.4.0] AndroidManifest.xml:95:17-76
180-->[com.firebaseui:firebase-ui-auth:6.4.0] AndroidManifest.xml:95:27-73
181                <category android:name="android.intent.category.BROWSABLE" />
181-->[com.firebaseui:firebase-ui-auth:6.4.0] AndroidManifest.xml:96:17-78
181-->[com.firebaseui:firebase-ui-auth:6.4.0] AndroidManifest.xml:96:27-75
182
183                <data android:scheme="@string/facebook_login_protocol_scheme" />
183-->[com.firebaseui:firebase-ui-auth:6.4.0] AndroidManifest.xml:98:17-81
183-->[com.firebaseui:firebase-ui-auth:6.4.0] AndroidManifest.xml:98:23-78
184            </intent-filter>
185        </activity>
186
187        <provider
187-->[com.firebaseui:firebase-ui-auth:6.4.0] AndroidManifest.xml:102:9-106:38
188            android:name="com.firebase.ui.auth.data.client.AuthUiInitProvider"
188-->[com.firebaseui:firebase-ui-auth:6.4.0] AndroidManifest.xml:103:13-79
189            android:authorities="com.example.swl_teaming.authuiinitprovider"
189-->[com.firebaseui:firebase-ui-auth:6.4.0] AndroidManifest.xml:104:13-70
190            android:exported="false"
190-->[com.firebaseui:firebase-ui-auth:6.4.0] AndroidManifest.xml:105:13-37
191            android:initOrder="90" />
191-->[com.firebaseui:firebase-ui-auth:6.4.0] AndroidManifest.xml:106:13-35
192
193        <activity
193-->[com.google.firebase:firebase-auth:21.0.1] AndroidManifest.xml:27:9-44:20
194            android:name="com.google.firebase.auth.internal.GenericIdpActivity"
194-->[com.google.firebase:firebase-auth:21.0.1] AndroidManifest.xml:28:13-80
195            android:excludeFromRecents="true"
195-->[com.google.firebase:firebase-auth:21.0.1] AndroidManifest.xml:29:13-46
196            android:exported="true"
196-->[com.google.firebase:firebase-auth:21.0.1] AndroidManifest.xml:30:13-36
197            android:launchMode="singleTask"
197-->[com.google.firebase:firebase-auth:21.0.1] AndroidManifest.xml:31:13-44
198            android:theme="@android:style/Theme.Translucent.NoTitleBar" >
198-->[com.google.firebase:firebase-auth:21.0.1] AndroidManifest.xml:32:13-72
199            <intent-filter>
199-->[com.google.firebase:firebase-auth:21.0.1] AndroidManifest.xml:33:13-43:29
200                <action android:name="android.intent.action.VIEW" />
200-->[com.firebaseui:firebase-ui-auth:6.4.0] AndroidManifest.xml:93:17-69
200-->[com.firebaseui:firebase-ui-auth:6.4.0] AndroidManifest.xml:93:25-66
201
202                <category android:name="android.intent.category.DEFAULT" />
202-->[com.firebaseui:firebase-ui-auth:6.4.0] AndroidManifest.xml:95:17-76
202-->[com.firebaseui:firebase-ui-auth:6.4.0] AndroidManifest.xml:95:27-73
203                <category android:name="android.intent.category.BROWSABLE" />
203-->[com.firebaseui:firebase-ui-auth:6.4.0] AndroidManifest.xml:96:17-78
203-->[com.firebaseui:firebase-ui-auth:6.4.0] AndroidManifest.xml:96:27-75
204
205                <data
205-->[com.firebaseui:firebase-ui-auth:6.4.0] AndroidManifest.xml:98:17-81
206                    android:host="firebase.auth"
207                    android:path="/"
208                    android:scheme="genericidp" />
208-->[com.firebaseui:firebase-ui-auth:6.4.0] AndroidManifest.xml:98:23-78
209            </intent-filter>
210        </activity>
211        <activity
211-->[com.google.firebase:firebase-auth:21.0.1] AndroidManifest.xml:45:9-62:20
212            android:name="com.google.firebase.auth.internal.RecaptchaActivity"
212-->[com.google.firebase:firebase-auth:21.0.1] AndroidManifest.xml:46:13-79
213            android:excludeFromRecents="true"
213-->[com.google.firebase:firebase-auth:21.0.1] AndroidManifest.xml:47:13-46
214            android:exported="true"
214-->[com.google.firebase:firebase-auth:21.0.1] AndroidManifest.xml:48:13-36
215            android:launchMode="singleTask"
215-->[com.google.firebase:firebase-auth:21.0.1] AndroidManifest.xml:49:13-44
216            android:theme="@android:style/Theme.Translucent.NoTitleBar" >
216-->[com.google.firebase:firebase-auth:21.0.1] AndroidManifest.xml:50:13-72
217            <intent-filter>
217-->[com.google.firebase:firebase-auth:21.0.1] AndroidManifest.xml:51:13-61:29
218                <action android:name="android.intent.action.VIEW" />
218-->[com.firebaseui:firebase-ui-auth:6.4.0] AndroidManifest.xml:93:17-69
218-->[com.firebaseui:firebase-ui-auth:6.4.0] AndroidManifest.xml:93:25-66
219
220                <category android:name="android.intent.category.DEFAULT" />
220-->[com.firebaseui:firebase-ui-auth:6.4.0] AndroidManifest.xml:95:17-76
220-->[com.firebaseui:firebase-ui-auth:6.4.0] AndroidManifest.xml:95:27-73
221                <category android:name="android.intent.category.BROWSABLE" />
221-->[com.firebaseui:firebase-ui-auth:6.4.0] AndroidManifest.xml:96:17-78
221-->[com.firebaseui:firebase-ui-auth:6.4.0] AndroidManifest.xml:96:27-75
222
223                <data
223-->[com.firebaseui:firebase-ui-auth:6.4.0] AndroidManifest.xml:98:17-81
224                    android:host="firebase.auth"
225                    android:path="/"
226                    android:scheme="recaptcha" />
226-->[com.firebaseui:firebase-ui-auth:6.4.0] AndroidManifest.xml:98:23-78
227            </intent-filter>
228        </activity>
229
230        <service
230-->[com.google.firebase:firebase-auth:21.0.1] AndroidManifest.xml:64:9-73:19
231            android:name="com.google.firebase.auth.api.fallback.service.FirebaseAuthFallbackService"
231-->[com.google.firebase:firebase-auth:21.0.1] AndroidManifest.xml:65:13-101
232            android:enabled="true"
232-->[com.google.firebase:firebase-auth:21.0.1] AndroidManifest.xml:66:13-35
233            android:exported="false" >
233-->[com.google.firebase:firebase-auth:21.0.1] AndroidManifest.xml:67:13-37
234            <intent-filter>
234-->[com.google.firebase:firebase-auth:21.0.1] AndroidManifest.xml:68:13-72:29
235                <action android:name="com.google.firebase.auth.api.gms.service.START" />
235-->[com.google.firebase:firebase-auth:21.0.1] AndroidManifest.xml:69:17-89
235-->[com.google.firebase:firebase-auth:21.0.1] AndroidManifest.xml:69:25-86
236
237                <category android:name="android.intent.category.DEFAULT" />
237-->[com.firebaseui:firebase-ui-auth:6.4.0] AndroidManifest.xml:95:17-76
237-->[com.firebaseui:firebase-ui-auth:6.4.0] AndroidManifest.xml:95:27-73
238            </intent-filter>
239        </service>
240
241        <provider
241-->[com.google.firebase:firebase-common:20.0.0] AndroidManifest.xml:26:9-31:39
242            android:name="com.google.firebase.provider.FirebaseInitProvider"
242-->[com.google.firebase:firebase-common:20.0.0] AndroidManifest.xml:27:13-77
243            android:authorities="com.example.swl_teaming.firebaseinitprovider"
243-->[com.google.firebase:firebase-common:20.0.0] AndroidManifest.xml:28:13-72
244            android:directBootAware="true"
244-->[com.google.firebase:firebase-common:20.0.0] AndroidManifest.xml:29:13-43
245            android:exported="false"
245-->[com.google.firebase:firebase-common:20.0.0] AndroidManifest.xml:30:13-37
246            android:initOrder="100" /> <!-- Needs to be explicitly declared on P+ -->
246-->[com.google.firebase:firebase-common:20.0.0] AndroidManifest.xml:31:13-36
247        <uses-library
247-->[com.google.android.gms:play-services-maps:17.0.0] AndroidManifest.xml:33:9-35:40
248            android:name="org.apache.http.legacy"
248-->[com.google.android.gms:play-services-maps:17.0.0] AndroidManifest.xml:34:13-50
249            android:required="false" />
249-->[com.google.android.gms:play-services-maps:17.0.0] AndroidManifest.xml:35:13-37
250
251        <activity
251-->[com.google.android.gms:play-services-auth:17.0.0] AndroidManifest.xml:23:9-27:75
252            android:name="com.google.android.gms.auth.api.signin.internal.SignInHubActivity"
252-->[com.google.android.gms:play-services-auth:17.0.0] AndroidManifest.xml:24:13-93
253            android:excludeFromRecents="true"
253-->[com.google.android.gms:play-services-auth:17.0.0] AndroidManifest.xml:25:13-46
254            android:exported="false"
254-->[com.google.android.gms:play-services-auth:17.0.0] AndroidManifest.xml:26:13-37
255            android:theme="@android:style/Theme.Translucent.NoTitleBar" />
255-->[com.google.android.gms:play-services-auth:17.0.0] AndroidManifest.xml:27:13-72
256        <!--
257            Service handling Google Sign-In user revocation. For apps that do not integrate with
258            Google Sign-In, this service will never be started.
259        -->
260        <service
260-->[com.google.android.gms:play-services-auth:17.0.0] AndroidManifest.xml:33:9-36:110
261            android:name="com.google.android.gms.auth.api.signin.RevocationBoundService"
261-->[com.google.android.gms:play-services-auth:17.0.0] AndroidManifest.xml:34:13-89
262            android:exported="true"
262-->[com.google.android.gms:play-services-auth:17.0.0] AndroidManifest.xml:35:13-36
263            android:permission="com.google.android.gms.auth.api.signin.permission.REVOCATION_NOTIFICATION" />
263-->[com.google.android.gms:play-services-auth:17.0.0] AndroidManifest.xml:36:13-107
264
265        <activity
265-->[com.google.android.gms:play-services-base:17.1.0] AndroidManifest.xml:23:9-26:75
266            android:name="com.google.android.gms.common.api.GoogleApiActivity"
266-->[com.google.android.gms:play-services-base:17.1.0] AndroidManifest.xml:24:13-79
267            android:exported="false"
267-->[com.google.android.gms:play-services-base:17.1.0] AndroidManifest.xml:25:13-37
268            android:theme="@android:style/Theme.Translucent.NoTitleBar" />
268-->[com.google.android.gms:play-services-base:17.1.0] AndroidManifest.xml:26:13-72
269
270        <provider
270-->[androidx.lifecycle:lifecycle-process:2.1.0] AndroidManifest.xml:23:9-27:43
271            android:name="androidx.lifecycle.ProcessLifecycleOwnerInitializer"
271-->[androidx.lifecycle:lifecycle-process:2.1.0] AndroidManifest.xml:24:13-79
272            android:authorities="com.example.swl_teaming.lifecycle-process"
272-->[androidx.lifecycle:lifecycle-process:2.1.0] AndroidManifest.xml:25:13-69
273            android:exported="false"
273-->[androidx.lifecycle:lifecycle-process:2.1.0] AndroidManifest.xml:26:13-37
274            android:multiprocess="true" />
274-->[androidx.lifecycle:lifecycle-process:2.1.0] AndroidManifest.xml:27:13-40
275    </application>
276
277</manifest>